# JRE version: OpenJDK Runtime Environment (21.0.6) (build 21.0.6+-13391695-b895.109)
# Java VM: OpenJDK 64-Bit Server VM (21.0.6+-13391695-b895.109, mixed mode, tiered, compressed oops, compressed class ptrs, g1 gc, windows-amd64)
GC Precious Log:
 CardTable entry size: 512
 Card Set container configuration: InlinePtr #cards 4 size 8 Array Of Cards #cards 16 size 48 Howl #buckets 8 coarsen threshold 3686 Howl Bitmap #cards 512 size 80 coarsen threshold 460 Card regions per heap region 1 cards per card region 4096
 CPUs: 8 total, 8 available
 Memory: 16142M
 Large Page Support: Disabled
 NUMA Support: Disabled
 Compressed Oops: Enabled (Zero based)
 Heap Region Size: 2M
 Heap Min Capacity: 8M
 Heap Initial Capacity: 254M
 Heap Max Capacity: 3G
 Pre-touch: Disabled
 Parallel Workers: 8
 Concurrent Workers: 2
 Concurrent Refinement Workers: 8
 Periodic GC: Disabled
Heap:
 garbage-first heap   total 88064K, used 74449K [0x0000000740000000, 0x0000000800000000)
  region size 2048K, 20 young (40960K), 1 survivors (2048K)
 Metaspace       used 56007K, committed 57600K, reserved 704512K
  class space    used 7612K, committed 8384K, reserved 638976K
GC Heap History (20 events):
Event: 1.226 GC heap before
{Heap before GC invocations=1 (full 0):
 garbage-first heap   total 260096K, used 51455K [0x0000000740000000, 0x0000000800000000)
  region size 2048K, 24 young (49152K), 2 survivors (4096K)
 Metaspace       used 12182K, committed 12352K, reserved 704512K
  class space    used 1282K, committed 1344K, reserved 638976K
}
Event: 1.232 GC heap after
{Heap after GC invocations=2 (full 0):
 garbage-first heap   total 260096K, used 11694K [0x0000000740000000, 0x0000000800000000)
  region size 2048K, 3 young (6144K), 3 survivors (6144K)
 Metaspace       used 12182K, committed 12352K, reserved 704512K
  class space    used 1282K, committed 1344K, reserved 638976K
}
Event: 2.068 GC heap before
{Heap before GC invocations=2 (full 0):
 garbage-first heap   total 260096K, used 64942K [0x0000000740000000, 0x0000000800000000)
  region size 2048K, 30 young (61440K), 3 survivors (6144K)
 Metaspace       used 19942K, committed 20288K, reserved 704512K
  class space    used 2261K, committed 2432K, reserved 638976K
}
Event: 2.075 GC heap after
{Heap after GC invocations=3 (full 0):
 garbage-first heap   total 260096K, used 19690K [0x0000000740000000, 0x0000000800000000)
  region size 2048K, 4 young (8192K), 4 survivors (8192K)
 Metaspace       used 19942K, committed 20288K, reserved 704512K
  class space    used 2261K, committed 2432K, reserved 638976K
}
Event: 2.194 GC heap before
{Heap before GC invocations=3 (full 0):
 garbage-first heap   total 260096K, used 27882K [0x0000000740000000, 0x0000000800000000)
  region size 2048K, 9 young (18432K), 4 survivors (8192K)
 Metaspace       used 21168K, committed 21504K, reserved 704512K
  class space    used 2440K, committed 2560K, reserved 638976K
}
Event: 2.198 GC heap after
{Heap after GC invocations=4 (full 0):
 garbage-first heap   total 260096K, used 20909K [0x0000000740000000, 0x0000000800000000)
  region size 2048K, 5 young (10240K), 5 survivors (10240K)
 Metaspace       used 21168K, committed 21504K, reserved 704512K
  class space    used 2440K, committed 2560K, reserved 638976K
}
Event: 3.275 GC heap before
{Heap before GC invocations=5 (full 0):
 garbage-first heap   total 75776K, used 74157K [0x0000000740000000, 0x0000000800000000)
  region size 2048K, 31 young (63488K), 5 survivors (10240K)
 Metaspace       used 29332K, committed 30016K, reserved 704512K
  class space    used 3720K, committed 4032K, reserved 638976K
}
Event: 3.281 GC heap after
{Heap after GC invocations=6 (full 0):
 garbage-first heap   total 88064K, used 23387K [0x0000000740000000, 0x0000000800000000)
  region size 2048K, 6 young (12288K), 6 survivors (12288K)
 Metaspace       used 29332K, committed 30016K, reserved 704512K
  class space    used 3720K, committed 4032K, reserved 638976K
}
Event: 3.945 GC heap before
{Heap before GC invocations=6 (full 0):
 garbage-first heap   total 88064K, used 62299K [0x0000000740000000, 0x0000000800000000)
  region size 2048K, 25 young (51200K), 6 survivors (12288K)
 Metaspace       used 34348K, committed 35200K, reserved 704512K
  class space    used 4546K, committed 4928K, reserved 638976K
}
Event: 3.951 GC heap after
{Heap after GC invocations=7 (full 0):
 garbage-first heap   total 88064K, used 26277K [0x0000000740000000, 0x0000000800000000)
  region size 2048K, 4 young (8192K), 4 survivors (8192K)
 Metaspace       used 34348K, committed 35200K, reserved 704512K
  class space    used 4546K, committed 4928K, reserved 638976K
}
Event: 4.040 GC heap before
{Heap before GC invocations=7 (full 0):
 garbage-first heap   total 88064K, used 32421K [0x0000000740000000, 0x0000000800000000)
  region size 2048K, 8 young (16384K), 4 survivors (8192K)
 Metaspace       used 35386K, committed 36160K, reserved 704512K
  class space    used 4699K, committed 5056K, reserved 638976K
}
Event: 4.044 GC heap after
{Heap after GC invocations=8 (full 0):
 garbage-first heap   total 88064K, used 26632K [0x0000000740000000, 0x0000000800000000)
  region size 2048K, 2 young (4096K), 2 survivors (4096K)
 Metaspace       used 35386K, committed 36160K, reserved 704512K
  class space    used 4699K, committed 5056K, reserved 638976K
}
Event: 4.506 GC heap before
{Heap before GC invocations=9 (full 0):
 garbage-first heap   total 88064K, used 71688K [0x0000000740000000, 0x0000000800000000)
  region size 2048K, 24 young (49152K), 2 survivors (4096K)
 Metaspace       used 41895K, committed 42752K, reserved 704512K
  class space    used 5424K, committed 5824K, reserved 638976K
}
Event: 4.511 GC heap after
{Heap after GC invocations=10 (full 0):
 garbage-first heap   total 88064K, used 31273K [0x0000000740000000, 0x0000000800000000)
  region size 2048K, 3 young (6144K), 3 survivors (6144K)
 Metaspace       used 41895K, committed 42752K, reserved 704512K
  class space    used 5424K, committed 5824K, reserved 638976K
}
Event: 4.820 GC heap before
{Heap before GC invocations=10 (full 0):
 garbage-first heap   total 88064K, used 70185K [0x0000000740000000, 0x0000000800000000)
  region size 2048K, 23 young (47104K), 3 survivors (6144K)
 Metaspace       used 44634K, committed 45632K, reserved 704512K
  class space    used 5730K, committed 6208K, reserved 638976K
}
Event: 4.826 GC heap after
{Heap after GC invocations=11 (full 0):
 garbage-first heap   total 88064K, used 33062K [0x0000000740000000, 0x0000000800000000)
  region size 2048K, 1 young (2048K), 1 survivors (2048K)
 Metaspace       used 44634K, committed 45632K, reserved 704512K
  class space    used 5730K, committed 6208K, reserved 638976K
}
Event: 5.353 GC heap before
{Heap before GC invocations=11 (full 0):
 garbage-first heap   total 88064K, used 74022K [0x0000000740000000, 0x0000000800000000)
  region size 2048K, 21 young (43008K), 1 survivors (2048K)
 Metaspace       used 49490K, committed 50880K, reserved 704512K
  class space    used 6540K, committed 7232K, reserved 638976K
}
Event: 5.356 GC heap after
{Heap after GC invocations=12 (full 0):
 garbage-first heap   total 88064K, used 36159K [0x0000000740000000, 0x0000000800000000)
  region size 2048K, 3 young (6144K), 3 survivors (6144K)
 Metaspace       used 49490K, committed 50880K, reserved 704512K
  class space    used 6540K, committed 7232K, reserved 638976K
}
Event: 5.710 GC heap before
{Heap before GC invocations=12 (full 0):
 garbage-first heap   total 88064K, used 73023K [0x0000000740000000, 0x0000000800000000)
  region size 2048K, 21 young (43008K), 3 survivors (6144K)
 Metaspace       used 52558K, committed 54080K, reserved 704512K
  class space    used 7025K, committed 7744K, reserved 638976K
}
Event: 5.714 GC heap after
{Heap after GC invocations=13 (full 0):
 garbage-first heap   total 88064K, used 37585K [0x0000000740000000, 0x0000000800000000)
  region size 2048K, 1 young (2048K), 1 survivors (2048K)
 Metaspace       used 52558K, committed 54080K, reserved 704512K
  class space    used 7025K, committed 7744K, reserved 638976K
}

