# JRE version: OpenJDK Runtime Environment (21.0.6) (build 21.0.6+-13391695-b895.109)
# Java VM: OpenJDK 64-Bit Server VM (21.0.6+-13391695-b895.109, mixed mode, tiered, compressed oops, compressed class ptrs, g1 gc, windows-amd64)
GC Precious Log:
 CardTable entry size: 512
 Card Set container configuration: InlinePtr #cards 4 size 8 Array Of Cards #cards 32 size 80 Howl #buckets 8 coarsen threshold 7372 Howl Bitmap #cards 1024 size 144 coarsen threshold 921 Card regions per heap region 1 cards per card region 8192
 CPUs: 8 total, 8 available
 Memory: 16142M
 Large Page Support: Disabled
 NUMA Support: Disabled
 Compressed Oops: Enabled (Zero based)
 Heap Region Size: 4M
 Heap Min Capacity: 8M
 Heap Initial Capacity: 256M
 Heap Max Capacity: 8G
 Pre-touch: Disabled
 Parallel Workers: 8
 Concurrent Workers: 2
 Concurrent Refinement Workers: 8
 Periodic GC: Disabled
Heap:
 garbage-first heap   total 593920K, used 275445K [0x000000042a800000, 0x000000062a800000)
  region size 4096K, 2 young (8192K), 2 survivors (8192K)
 Metaspace       used 198903K, committed 201856K, reserved 1245184K
  class space    used 25672K, committed 27136K, reserved 1048576K
GC Heap History (20 events):
Event: 178.341 GC heap after
{Heap after GC invocations=55 (full 0):
 garbage-first heap   total 409600K, used 250754K [0x000000042a800000, 0x000000062a800000)
  region size 4096K, 4 young (16384K), 4 survivors (16384K)
 Metaspace       used 187441K, committed 190272K, reserved 1245184K
  class space    used 24253K, committed 25664K, reserved 1048576K
}
Event: 179.477 GC heap before
{Heap before GC invocations=55 (full 0):
 garbage-first heap   total 409600K, used 365442K [0x000000042a800000, 0x000000062a800000)
  region size 4096K, 33 young (135168K), 4 survivors (16384K)
 Metaspace       used 194379K, committed 197248K, reserved 1245184K
  class space    used 25266K, committed 26688K, reserved 1048576K
}
Event: 179.494 GC heap after
{Heap after GC invocations=56 (full 0):
 garbage-first heap   total 413696K, used 242238K [0x000000042a800000, 0x000000062a800000)
  region size 4096K, 5 young (20480K), 5 survivors (20480K)
 Metaspace       used 194379K, committed 197248K, reserved 1245184K
  class space    used 25266K, committed 26688K, reserved 1048576K
}
Event: 179.942 GC heap before
{Heap before GC invocations=56 (full 0):
 garbage-first heap   total 413696K, used 361022K [0x000000042a800000, 0x000000062a800000)
  region size 4096K, 35 young (143360K), 5 survivors (20480K)
 Metaspace       used 194432K, committed 197312K, reserved 1245184K
  class space    used 25267K, committed 26688K, reserved 1048576K
}
Event: 179.993 GC heap after
{Heap after GC invocations=57 (full 0):
 garbage-first heap   total 593920K, used 254989K [0x000000042a800000, 0x000000062a800000)
  region size 4096K, 4 young (16384K), 4 survivors (16384K)
 Metaspace       used 194432K, committed 197312K, reserved 1245184K
  class space    used 25267K, committed 26688K, reserved 1048576K
}
Event: 208.969 GC heap before
{Heap before GC invocations=58 (full 0):
 garbage-first heap   total 593920K, used 508941K [0x000000042a800000, 0x000000062a800000)
  region size 4096K, 66 young (270336K), 4 survivors (16384K)
 Metaspace       used 197854K, committed 200704K, reserved 1245184K
  class space    used 25590K, committed 27008K, reserved 1048576K
}
Event: 208.979 GC heap after
{Heap after GC invocations=59 (full 0):
 garbage-first heap   total 593920K, used 264770K [0x000000042a800000, 0x000000062a800000)
  region size 4096K, 7 young (28672K), 7 survivors (28672K)
 Metaspace       used 197854K, committed 200704K, reserved 1245184K
  class space    used 25590K, committed 27008K, reserved 1048576K
}
Event: 209.470 GC heap before
{Heap before GC invocations=59 (full 0):
 garbage-first heap   total 593920K, used 518722K [0x000000042a800000, 0x000000062a800000)
  region size 4096K, 70 young (286720K), 7 survivors (28672K)
 Metaspace       used 197904K, committed 200832K, reserved 1245184K
  class space    used 25597K, committed 27072K, reserved 1048576K
}
Event: 209.488 GC heap after
{Heap after GC invocations=60 (full 0):
 garbage-first heap   total 593920K, used 265759K [0x000000042a800000, 0x000000062a800000)
  region size 4096K, 7 young (28672K), 7 survivors (28672K)
 Metaspace       used 197904K, committed 200832K, reserved 1245184K
  class space    used 25597K, committed 27072K, reserved 1048576K
}
Event: 210.154 GC heap before
{Heap before GC invocations=60 (full 0):
 garbage-first heap   total 593920K, used 523807K [0x000000042a800000, 0x000000062a800000)
  region size 4096K, 71 young (290816K), 7 survivors (28672K)
 Metaspace       used 198858K, committed 201792K, reserved 1245184K
  class space    used 25691K, committed 27136K, reserved 1048576K
}
Event: 210.175 GC heap after
{Heap after GC invocations=61 (full 0):
 garbage-first heap   total 593920K, used 279190K [0x000000042a800000, 0x000000062a800000)
  region size 4096K, 8 young (32768K), 8 survivors (32768K)
 Metaspace       used 198858K, committed 201792K, reserved 1245184K
  class space    used 25691K, committed 27136K, reserved 1048576K
}
Event: 210.769 GC heap before
{Heap before GC invocations=62 (full 0):
 garbage-first heap   total 593920K, used 520854K [0x000000042a800000, 0x000000062a800000)
  region size 4096K, 68 young (278528K), 8 survivors (32768K)
 Metaspace       used 198915K, committed 201856K, reserved 1245184K
  class space    used 25686K, committed 27136K, reserved 1048576K
}
Event: 210.784 GC heap after
{Heap after GC invocations=63 (full 0):
 garbage-first heap   total 593920K, used 282408K [0x000000042a800000, 0x000000062a800000)
  region size 4096K, 5 young (20480K), 5 survivors (20480K)
 Metaspace       used 198915K, committed 201856K, reserved 1245184K
  class space    used 25686K, committed 27136K, reserved 1048576K
}
Event: 211.343 GC heap before
{Heap before GC invocations=63 (full 0):
 garbage-first heap   total 593920K, used 536360K [0x000000042a800000, 0x000000062a800000)
  region size 4096K, 67 young (274432K), 5 survivors (20480K)
 Metaspace       used 198936K, committed 201856K, reserved 1245184K
  class space    used 25686K, committed 27136K, reserved 1048576K
}
Event: 211.359 GC heap after
{Heap after GC invocations=64 (full 0):
 garbage-first heap   total 593920K, used 280684K [0x000000042a800000, 0x000000062a800000)
  region size 4096K, 6 young (24576K), 6 survivors (24576K)
 Metaspace       used 198936K, committed 201856K, reserved 1245184K
  class space    used 25686K, committed 27136K, reserved 1048576K
}
Event: 211.683 GC heap before
{Heap before GC invocations=64 (full 0):
 garbage-first heap   total 593920K, used 534636K [0x000000042a800000, 0x000000062a800000)
  region size 4096K, 68 young (278528K), 6 survivors (24576K)
 Metaspace       used 198939K, committed 201856K, reserved 1245184K
  class space    used 25686K, committed 27136K, reserved 1048576K
}
Event: 211.695 GC heap after
{Heap after GC invocations=65 (full 0):
 garbage-first heap   total 593920K, used 281311K [0x000000042a800000, 0x000000062a800000)
  region size 4096K, 3 young (12288K), 3 survivors (12288K)
 Metaspace       used 198939K, committed 201856K, reserved 1245184K
  class space    used 25686K, committed 27136K, reserved 1048576K
}
Event: 212.052 GC heap before
{Heap before GC invocations=66 (full 0):
 garbage-first heap   total 593920K, used 543455K [0x000000042a800000, 0x000000062a800000)
  region size 4096K, 67 young (274432K), 3 survivors (12288K)
 Metaspace       used 198890K, committed 201856K, reserved 1245184K
  class space    used 25672K, committed 27136K, reserved 1048576K
}
Event: 212.057 GC heap after
{Heap after GC invocations=67 (full 0):
 garbage-first heap   total 593920K, used 282314K [0x000000042a800000, 0x000000062a800000)
  region size 4096K, 3 young (12288K), 3 survivors (12288K)
 Metaspace       used 198890K, committed 201856K, reserved 1245184K
  class space    used 25672K, committed 27136K, reserved 1048576K
}
Event: 212.545 GC heap before
{Heap before GC invocations=67 (full 0):
 garbage-first heap   total 593920K, used 540362K [0x000000042a800000, 0x000000062a800000)
  region size 4096K, 67 young (274432K), 3 survivors (12288K)
 Metaspace       used 198903K, committed 201856K, reserved 1245184K
  class space    used 25672K, committed 27136K, reserved 1048576K
}

