# JRE version: OpenJDK Runtime Environment (21.0.6) (build 21.0.6+-13391695-b895.109)
# Java VM: OpenJDK 64-Bit Server VM (21.0.6+-13391695-b895.109, mixed mode, tiered, compressed oops, compressed class ptrs, g1 gc, windows-amd64)
GC Precious Log:
 CardTable entry size: 512
 Card Set container configuration: InlinePtr #cards 5 size 8 Array Of Cards #cards 12 size 40 Howl #buckets 4 coarsen threshold 1843 Howl Bitmap #cards 512 size 80 coarsen threshold 460 Card regions per heap region 1 cards per card region 2048
 CPUs: 8 total, 8 available
 Memory: 16142M
 Large Page Support: Disabled
 NUMA Support: Disabled
 Compressed Oops: Enabled (32-bit)
 Heap Region Size: 1M
 Heap Min Capacity: 8M
 Heap Initial Capacity: 254M
 Heap Max Capacity: 1536M
 Pre-touch: Disabled
 Parallel Workers: 8
 Concurrent Workers: 2
 Concurrent Refinement Workers: 8
 Periodic GC: Disabled
Heap:
 garbage-first heap   total 101376K, used 64181K [0x00000000a0000000, 0x0000000100000000)
  region size 1024K, 33 young (33792K), 6 survivors (6144K)
 Metaspace       used 55944K, committed 57536K, reserved 393216K
  class space    used 7601K, committed 8384K, reserved 327680K
GC Heap History (20 events):
Event: 2.698 GC heap before
{Heap before GC invocations=1 (full 0):
 garbage-first heap   total 260096K, used 39688K [0x00000000a0000000, 0x0000000100000000)
  region size 1024K, 36 young (36864K), 3 survivors (3072K)
 Metaspace       used 12185K, committed 12352K, reserved 393216K
  class space    used 1283K, committed 1344K, reserved 327680K
}
Event: 2.703 GC heap after
{Heap after GC invocations=2 (full 0):
 garbage-first heap   total 260096K, used 11478K [0x00000000a0000000, 0x0000000100000000)
  region size 1024K, 5 young (5120K), 5 survivors (5120K)
 Metaspace       used 12185K, committed 12352K, reserved 393216K
  class space    used 1283K, committed 1344K, reserved 327680K
}
Event: 4.145 GC heap before
{Heap before GC invocations=2 (full 0):
 garbage-first heap   total 260096K, used 59606K [0x00000000a0000000, 0x0000000100000000)
  region size 1024K, 50 young (51200K), 5 survivors (5120K)
 Metaspace       used 14067K, committed 14336K, reserved 393216K
  class space    used 1546K, committed 1664K, reserved 327680K
}
Event: 4.156 GC heap after
{Heap after GC invocations=3 (full 0):
 garbage-first heap   total 260096K, used 17306K [0x00000000a0000000, 0x0000000100000000)
  region size 1024K, 6 young (6144K), 6 survivors (6144K)
 Metaspace       used 14067K, committed 14336K, reserved 393216K
  class space    used 1546K, committed 1664K, reserved 327680K
}
Event: 5.242 GC heap before
{Heap before GC invocations=3 (full 0):
 garbage-first heap   total 260096K, used 42906K [0x00000000a0000000, 0x0000000100000000)
  region size 1024K, 32 young (32768K), 6 survivors (6144K)
 Metaspace       used 21141K, committed 21504K, reserved 393216K
  class space    used 2439K, committed 2624K, reserved 327680K
}
Event: 5.247 GC heap after
{Heap after GC invocations=4 (full 0):
 garbage-first heap   total 260096K, used 20438K [0x00000000a0000000, 0x0000000100000000)
  region size 1024K, 9 young (9216K), 9 survivors (9216K)
 Metaspace       used 21141K, committed 21504K, reserved 393216K
  class space    used 2439K, committed 2624K, reserved 327680K
}
Event: 6.578 GC heap before
{Heap before GC invocations=5 (full 0):
 garbage-first heap   total 71680K, used 69590K [0x00000000a0000000, 0x0000000100000000)
  region size 1024K, 58 young (59392K), 9 survivors (9216K)
 Metaspace       used 28956K, committed 29568K, reserved 393216K
  class space    used 3671K, committed 3968K, reserved 327680K
}
Event: 6.600 GC heap after
{Heap after GC invocations=6 (full 0):
 garbage-first heap   total 83968K, used 23556K [0x00000000a0000000, 0x0000000100000000)
  region size 1024K, 12 young (12288K), 12 survivors (12288K)
 Metaspace       used 28956K, committed 29568K, reserved 393216K
  class space    used 3671K, committed 3968K, reserved 327680K
}
Event: 7.633 GC heap before
{Heap before GC invocations=6 (full 0):
 garbage-first heap   total 83968K, used 60420K [0x00000000a0000000, 0x0000000100000000)
  region size 1024K, 49 young (50176K), 12 survivors (12288K)
 Metaspace       used 34007K, committed 34880K, reserved 393216K
  class space    used 4504K, committed 4928K, reserved 327680K
}
Event: 7.652 GC heap after
{Heap after GC invocations=7 (full 0):
 garbage-first heap   total 83968K, used 25816K [0x00000000a0000000, 0x0000000100000000)
  region size 1024K, 6 young (6144K), 6 survivors (6144K)
 Metaspace       used 34007K, committed 34880K, reserved 393216K
  class space    used 4504K, committed 4928K, reserved 327680K
}
Event: 7.865 GC heap before
{Heap before GC invocations=7 (full 0):
 garbage-first heap   total 83968K, used 34008K [0x00000000a0000000, 0x0000000100000000)
  region size 1024K, 16 young (16384K), 6 survivors (6144K)
 Metaspace       used 35244K, committed 36096K, reserved 393216K
  class space    used 4689K, committed 5120K, reserved 327680K
}
Event: 7.871 GC heap after
{Heap after GC invocations=8 (full 0):
 garbage-first heap   total 83968K, used 26346K [0x00000000a0000000, 0x0000000100000000)
  region size 1024K, 4 young (4096K), 4 survivors (4096K)
 Metaspace       used 35244K, committed 36096K, reserved 393216K
  class space    used 4689K, committed 5120K, reserved 327680K
}
Event: 8.647 GC heap before
{Heap before GC invocations=9 (full 0):
 garbage-first heap   total 83968K, used 68330K [0x00000000a0000000, 0x0000000100000000)
  region size 1024K, 46 young (47104K), 4 survivors (4096K)
 Metaspace       used 41809K, committed 42752K, reserved 393216K
  class space    used 5410K, committed 5888K, reserved 327680K
}
Event: 8.653 GC heap after
{Heap after GC invocations=10 (full 0):
 garbage-first heap   total 83968K, used 30692K [0x00000000a0000000, 0x0000000100000000)
  region size 1024K, 6 young (6144K), 6 survivors (6144K)
 Metaspace       used 41809K, committed 42752K, reserved 393216K
  class space    used 5410K, committed 5888K, reserved 327680K
}
Event: 9.092 GC heap before
{Heap before GC invocations=10 (full 0):
 garbage-first heap   total 83968K, used 71652K [0x00000000a0000000, 0x0000000100000000)
  region size 1024K, 45 young (46080K), 6 survivors (6144K)
 Metaspace       used 44335K, committed 45312K, reserved 393216K
  class space    used 5675K, committed 6144K, reserved 327680K
}
Event: 9.099 GC heap after
{Heap after GC invocations=11 (full 0):
 garbage-first heap   total 83968K, used 32324K [0x00000000a0000000, 0x0000000100000000)
  region size 1024K, 2 young (2048K), 2 survivors (2048K)
 Metaspace       used 44335K, committed 45312K, reserved 393216K
  class space    used 5675K, committed 6144K, reserved 327680K
}
Event: 10.058 GC heap before
{Heap before GC invocations=11 (full 0):
 garbage-first heap   total 83968K, used 71236K [0x00000000a0000000, 0x0000000100000000)
  region size 1024K, 40 young (40960K), 2 survivors (2048K)
 Metaspace       used 48959K, committed 50304K, reserved 393216K
  class space    used 6454K, committed 7104K, reserved 327680K
}
Event: 10.071 GC heap after
{Heap after GC invocations=12 (full 0):
 garbage-first heap   total 101376K, used 35361K [0x00000000a0000000, 0x0000000100000000)
  region size 1024K, 5 young (5120K), 5 survivors (5120K)
 Metaspace       used 48959K, committed 50304K, reserved 393216K
  class space    used 6454K, committed 7104K, reserved 327680K
}
Event: 11.086 GC heap before
{Heap before GC invocations=12 (full 0):
 garbage-first heap   total 101376K, used 86561K [0x00000000a0000000, 0x0000000100000000)
  region size 1024K, 55 young (56320K), 5 survivors (5120K)
 Metaspace       used 53045K, committed 54528K, reserved 393216K
  class space    used 7094K, committed 7808K, reserved 327680K
}
Event: 11.094 GC heap after
{Heap after GC invocations=13 (full 0):
 garbage-first heap   total 101376K, used 37557K [0x00000000a0000000, 0x0000000100000000)
  region size 1024K, 6 young (6144K), 6 survivors (6144K)
 Metaspace       used 53045K, committed 54528K, reserved 393216K
  class space    used 7094K, committed 7808K, reserved 327680K
}

